<?xml version="1.0" encoding="UTF-8"?>
<testng-results skipped="0" failed="0" total="1" passed="1">
  <reporter-output>
  </reporter-output>
  <suite name="Default suite" duration-ms="2665" started-at="2019-06-04T07:31:24Z" finished-at="2019-06-04T07:31:27Z">
    <groups>
    </groups>
    <test name="Default test" duration-ms="2665" started-at="2019-06-04T07:31:24Z" finished-at="2019-06-04T07:31:27Z">
      <class name="com.datamato.tests.BaseTest">
        <test-method status="PASS" signature="setup()[pri:0, instance:com.datamato.tests.BaseTest@4590c9c3]" name="setup" is-config="true" duration-ms="6699" started-at="2019-06-04T13:01:17Z" finished-at="2019-06-04T13:01:24Z">
          <reporter-output>
          </reporter-output>
        </test-method> <!-- setup -->
        <test-method status="PASS" signature="beforeMethod(java.lang.reflect.Method)[pri:0, instance:com.datamato.tests.BaseTest@4590c9c3]" name="beforeMethod" is-config="true" duration-ms="1" started-at="2019-06-04T13:01:24Z" finished-at="2019-06-04T13:01:24Z">
          <params>
            <param index="0">
              <value>
                <![CDATA[public void com.datamato.tests.BaseTest.displayWelcomeText() throws java.lang.Exception]]>
              </value>
            </param>
          </params>
          <reporter-output>
          </reporter-output>
        </test-method> <!-- beforeMethod -->
        <test-method status="PASS" signature="displayWelcomeText()[pri:0, instance:com.datamato.tests.BaseTest@4590c9c3]" name="displayWelcomeText" duration-ms="2655" started-at="2019-06-04T13:01:24Z" finished-at="2019-06-04T13:01:27Z">
          <reporter-output>
          </reporter-output>
        </test-method> <!-- displayWelcomeText -->
        <test-method status="PASS" signature="afterMethod(java.lang.reflect.Method)[pri:0, instance:com.datamato.tests.BaseTest@4590c9c3]" name="afterMethod" is-config="true" duration-ms="0" started-at="2019-06-04T13:01:27Z" finished-at="2019-06-04T13:01:27Z">
          <params>
            <param index="0">
              <value>
                <![CDATA[public void com.datamato.tests.BaseTest.displayWelcomeText() throws java.lang.Exception]]>
              </value>
            </param>
          </params>
          <reporter-output>
          </reporter-output>
        </test-method> <!-- afterMethod -->
        <test-method status="PASS" signature="tearDown()[pri:0, instance:com.datamato.tests.BaseTest@4590c9c3]" name="tearDown" is-config="true" duration-ms="4558" started-at="2019-06-04T13:01:27Z" finished-at="2019-06-04T13:01:31Z">
          <reporter-output>
          </reporter-output>
        </test-method> <!-- tearDown -->
      </class> <!-- com.datamato.tests.BaseTest -->
    </test> <!-- Default test -->
  </suite> <!-- Default suite -->
</testng-results>
